TN:
SF:src/services/ProductsService.ts
FN:9,(anonymous_3)
FN:10,(anonymous_5)
FN:11,(anonymous_6)
FN:22,(anonymous_7)
FN:23,(anonymous_8)
FN:31,(anonymous_9)
FN:35,(anonymous_10)
FN:48,(anonymous_11)
FN:53,(anonymous_12)
FN:56,(anonymous_13)
FN:70,(anonymous_14)
FN:75,(anonymous_15)
FN:78,(anonymous_16)
FNF:13
FNH:11
FNDA:6,(anonymous_3)
FNDA:2,(anonymous_5)
FNDA:5,(anonymous_6)
FNDA:0,(anonymous_7)
FNDA:0,(anonymous_8)
FNDA:1,(anonymous_9)
FNDA:4,(anonymous_10)
FNDA:1,(anonymous_11)
FNDA:4,(anonymous_12)
FNDA:2,(anonymous_13)
FNDA:1,(anonymous_14)
FNDA:4,(anonymous_15)
FNDA:2,(anonymous_16)
DA:1,1
DA:3,1
DA:5,1
DA:7,1
DA:9,1
DA:10,1
DA:11,5
DA:13,2
DA:14,1
DA:16,1
DA:22,1
DA:23,0
DA:25,0
DA:26,0
DA:28,0
DA:31,1
DA:32,1
DA:33,1
DA:35,1
DA:36,4
DA:43,1
DA:45,0
DA:48,1
DA:49,1
DA:50,1
DA:52,1
DA:54,4
DA:57,2
DA:65,1
DA:67,0
DA:70,1
DA:71,1
DA:72,1
DA:74,1
DA:76,4
DA:79,2
DA:87,1
DA:89,0
DA:91,1
LF:39
LH:32
BRDA:13,0,0,1
BRDA:13,0,1,1
BRDA:25,1,0,0
BRDA:25,1,1,0
BRDA:28,2,0,0
BRDA:28,2,1,0
BRDA:28,3,0,0
BRDA:28,3,1,0
BRDA:32,4,0,1
BRDA:32,4,1,0
BRDA:49,5,0,1
BRDA:49,5,1,0
BRDA:71,6,0,1
BRDA:71,6,1,0
BRF:14
BRH:5
end_of_record
TN:
SF:src/services/SessionService.ts
FN:23,(anonymous_16)
FN:24,(anonymous_18)
FN:52,(anonymous_21)
FNF:3
FNH:0
FNDA:0,(anonymous_16)
FNDA:0,(anonymous_18)
FNDA:0,(anonymous_21)
DA:1,0
DA:2,0
DA:4,0
DA:5,0
DA:7,0
DA:9,0
DA:23,0
DA:24,0
DA:25,0
DA:27,0
DA:29,0
DA:30,0
DA:33,0
DA:35,0
DA:36,0
DA:39,0
DA:44,0
DA:49,0
DA:52,0
DA:53,0
DA:54,0
DA:55,0
DA:57,0
DA:60,0
LF:24
LH:0
BRDA:29,0,0,0
BRDA:29,0,1,0
BRDA:35,1,0,0
BRDA:35,1,1,0
BRF:4
BRH:0
end_of_record
TN:
SF:src/services/UserService.ts
FN:10,(anonymous_14)
FN:11,(anonymous_16)
FNF:2
FNH:0
FNDA:0,(anonymous_14)
FNDA:0,(anonymous_16)
DA:1,0
DA:2,0
DA:4,0
DA:6,0
DA:10,0
DA:11,0
DA:12,0
DA:13,0
DA:16,0
DA:17,0
DA:20,0
DA:22,0
DA:24,0
DA:26,0
DA:27,0
DA:30,0
DA:35,0
DA:37,0
DA:39,0
LF:19
LH:0
BRDA:12,0,0,0
BRDA:12,0,1,0
BRDA:12,1,0,0
BRDA:12,1,1,0
BRDA:16,2,0,0
BRDA:16,2,1,0
BRDA:16,3,0,0
BRDA:16,3,1,0
BRDA:26,4,0,0
BRDA:26,4,1,0
BRF:10
BRH:0
end_of_record
